\BOOKMARK [1][-]{section.1}{Introduction}{}% 1
\BOOKMARK [1][-]{section.2}{Genetic Algorithm's for NN Architecture}{}% 2
\BOOKMARK [2][-]{subsection.2.1}{Initialization}{section.2}% 3
\BOOKMARK [3][-]{subsubsection.2.1.1}{Fitness}{subsection.2.1}% 4
\BOOKMARK [2][-]{subsection.2.2}{Selection}{section.2}% 5
\BOOKMARK [2][-]{subsection.2.3}{Crossover}{section.2}% 6
\BOOKMARK [2][-]{subsection.2.4}{Mutation}{section.2}% 7
\BOOKMARK [2][-]{subsection.2.5}{Ensemble Classifier}{section.2}% 8
\BOOKMARK [2][-]{subsection.2.6}{Related work}{section.2}% 9
\BOOKMARK [1][-]{section.3}{Experiments}{}% 10
\BOOKMARK [2][-]{subsection.3.1}{Implementation Details}{section.3}% 11
\BOOKMARK [3][-]{subsubsection.3.1.1}{Stochastic Gradient Descent}{subsection.3.1}% 12
\BOOKMARK [3][-]{subsubsection.3.1.2}{Regularizaton and Dropout}{subsection.3.1}% 13
\BOOKMARK [3][-]{subsubsection.3.1.3}{Loss, Activation, and Fitness Functions}{subsection.3.1}% 14
\BOOKMARK [2][-]{subsection.3.2}{Experimental Results}{section.3}% 15
\BOOKMARK [1][-]{section.4}{Discussion and Future Work}{}% 16
\BOOKMARK [2][-]{subsection.4.1}{Strengths/Contributions}{section.4}% 17
\BOOKMARK [2][-]{subsection.4.2}{Criticisms}{section.4}% 18
\BOOKMARK [2][-]{subsection.4.3}{Next steps}{section.4}% 19
\BOOKMARK [1][-]{section.5}{Conclusion}{}% 20
\BOOKMARK [1][-]{Appendix.1.A}{Appendix Appendix}{}% 21
